#
# A fatal error has been detected by the Java Runtime Environment:
#
#  EXCEPTION_STACK_OVERFLOW (0xc00000fd) at pc=0x663319a3, pid=14744, tid=15636
#
# JRE version: Java(TM) SE Runtime Environment (8.0_05-b13) (build 1.8.0_05-b13)
# Java VM: Java HotSpot(TM) Client VM (25.5-b02 mixed mode, sharing windows-x86 )
# Problematic frame:
# V  [jvm.dll+0x1419a3]
#
# Failed to write core dump. Minidumps are not enabled by default on client versions of Windows
#
# If you would like to submit a bug report, please visit:
#   http://bugreport.sun.com/bugreport/crash.jsp
#

---------------  T H R E A D  ---------------

Current thread (0x04f7cc00):  JavaThread "AWT-Shutdown" [_thread_in_vm, id=15636, stack(0x073a0000,0x073f0000)]

siginfo: ExceptionCode=0xc00000fd, ExceptionInformation=0x00000001 0x073ed5ec 

Registers:
EAX=0x00002000, EBX=0x073ef7dc, ECX=0x073ed5ec, EDX=0x01e28788
ESP=0x073ef5f8, EBP=0x073ef664, ESI=0x00000003, EDI=0x073ef5ec
EIP=0x663319a3, EFLAGS=0x00010206

Top of Stack: (sp=0x073ef5f8)
0x073ef5f8:   04edc720 04f7cc00 66332233 00000000
0x073ef608:   04f7cc00 073ef74c 00000001 04f7cc00
0x073ef618:   66268825 04f7cc00 01e28788 053d2240
0x073ef628:   073ef684 6626918e 053d2c60 053d2c60
0x073ef638:   053d2240 04f7cc00 053d2240 04f7cc00
0x073ef648:   01e28788 053d2240 04f7cc00 0000000a
0x073ef658:   073ef74c 04edc720 01e497a0 073ef6ac
0x073ef668:   663f70be 073ef7d4 073ef6d8 073ef74c 

Instructions: (pc=0x663319a3)
0x66331983:   29 58 0c 00 be 01 00 00 00 8b f8 39 35 04 c1 51
0x66331993:   66 7c 1b e8 c5 3e 06 00 0f af c6 8b cf 2b c8 46
0x663319a3:   c7 01 00 00 00 00 3b 35 04 c1 51 66 7e e5 5f 5e
0x663319b3:   c3 cc cc cc cc cc cc cc cc cc cc cc cc 8b 01 8b 


Register to memory mapping:

EAX=0x00002000 is an unknown value
EBX=0x073ef7dc is pointing into the stack for thread: 0x04f7cc00
ECX=0x073ed5ec is pointing into the stack for thread: 0x04f7cc00
EDX=0x01e28788 is an unknown value
ESP=0x073ef5f8 is pointing into the stack for thread: 0x04f7cc00
EBP=0x073ef664 is pointing into the stack for thread: 0x04f7cc00
ESI=0x00000003 is an unknown value
EDI=0x073ef5ec is pointing into the stack for thread: 0x04f7cc00


Stack: [0x073a0000,0x073f0000],  sp=0x073ef5f8,  free space=317k
Native frames: (J=compiled Java code, j=interpreted, Vv=VM code, C=native code)
V  [jvm.dll+0x1419a3]
V  [jvm.dll+0x2070be]
V  [jvm.dll+0x14231e]
V  [jvm.dll+0x1424a6]
V  [jvm.dll+0x142517]
V  [jvm.dll+0xede0f]
V  [jvm.dll+0x1645fc]
V  [jvm.dll+0x164e8a]
V  [jvm.dll+0x1a9186]
C  [msvcr100.dll+0x5c556]
C  [msvcr100.dll+0x5c600]
C  [KERNEL32.DLL+0x13744]
C  [ntdll.dll+0x5a064]
C  [ntdll.dll+0x5a02f]


---------------  P R O C E S S  ---------------

Java Threads: ( => current thread )
=>0x04f7cc00 JavaThread "AWT-Shutdown" [_thread_in_vm, id=15636, stack(0x073a0000,0x073f0000)]
  0x04f7ec00 JavaThread "AWT-EventQueue-0" [_thread_blocked, id=16360, stack(0x051b0000,0x05200000)]
  0x01da5000 JavaThread "Timer-1" [_thread_blocked, id=15652, stack(0x0afe0000,0x0b030000)]
  0x07fda000 JavaThread "Timer-0" [_thread_blocked, id=15648, stack(0x0af50000,0x0afa0000)]
  0x07f93000 JavaThread "Java Sound Event Dispatcher" daemon [_thread_blocked, id=15572, stack(0x0aec0000,0x0af10000)]
  0x080d6800 JavaThread "TimerQueue" daemon [_thread_blocked, id=15436, stack(0x0a640000,0x0a690000)]
  0x080cb400 JavaThread "Swing-Shell" daemon [_thread_blocked, id=15380, stack(0x08ab0000,0x08b00000)]
  0x006fbc00 JavaThread "DestroyJavaVM" [_thread_blocked, id=15228, stack(0x01cb0000,0x01d00000)]
  0x0805c800 JavaThread "D3D Screen Updater" daemon [_thread_blocked, id=14908, stack(0x08490000,0x084e0000)]
  0x04e87c00 JavaThread "AWT-Windows" daemon [_thread_in_native, id=4956, stack(0x05240000,0x05290000)]
  0x04e86800 JavaThread "Java2D Disposer" daemon [_thread_blocked, id=6084, stack(0x05120000,0x05170000)]
  0x01da7000 JavaThread "Service Thread" daemon [_thread_blocked, id=10524, stack(0x04d20000,0x04d70000)]
  0x01d78000 JavaThread "C1 CompilerThread0" daemon [_thread_blocked, id=14700, stack(0x04730000,0x04780000)]
  0x01d76c00 JavaThread "Attach Listener" daemon [_thread_blocked, id=3852, stack(0x046a0000,0x046f0000)]
  0x01d75000 JavaThread "Signal Dispatcher" daemon [_thread_blocked, id=8484, stack(0x04610000,0x04660000)]
  0x01d6a800 JavaThread "Finalizer" daemon [_thread_blocked, id=7828, stack(0x04570000,0x045c0000)]
  0x01d64400 JavaThread "Reference Handler" daemon [_thread_blocked, id=14848, stack(0x044e0000,0x04530000)]

Other Threads:
  0x01d62c00 VMThread [stack: 0x04450000,0x044a0000] [id=14272]
  0x01dab400 WatcherThread [stack: 0x04db0000,0x04e00000] [id=14932]

VM state:not at safepoint (normal execution)

VM Mutex/Monitor currently owned by a thread: None

Heap:
 def new generation   total 8128K, used 6059K [0x0f200000, 0x0fad0000, 0x14750000)
  eden space 7232K,  71% used [0x0f200000, 0x0f70aeb0, 0x0f910000)
  from space 896K, 100% used [0x0f910000, 0x0f9f0000, 0x0f9f0000)
  to   space 896K,   0% used [0x0f9f0000, 0x0f9f0000, 0x0fad0000)
 tenured generation   total 17940K, used 11420K [0x14750000, 0x158d5000, 0x1f200000)
   the space 17940K,  63% used [0x14750000, 0x15277078, 0x15277200, 0x158d5000)
 Metaspace       used 4942K, capacity 5341K, committed 5376K, reserved 5504K

Card table byte_map: [0x03ec0000,0x03f50000] byte_map_base: 0x03e47000

Polling page: 0x01d00000

CodeCache: size=32768Kb used=1975Kb max_used=1975Kb free=30792Kb
 bounds [0x01e40000, 0x02030000, 0x03e40000]
 total_blobs=1136 nmethods=880 adapters=187
 compilation: enabled

Compilation events (10 events):
Event: 11.220 Thread 0x01d78000  878             java.awt.Toolkit::enabledOnToolkit (16 bytes)
Event: 11.221 Thread 0x01d78000 nmethod 878 0x0202c948 code [0x0202ca40, 0x0202cb00]
Event: 11.221 Thread 0x01d78000  879             java.awt.Container::clearLightweightDispatcherOnRemove (24 bytes)
Event: 11.222 Thread 0x01d78000 nmethod 879 0x0202cb48 code [0x0202cc70, 0x0202cd84]
Event: 11.222 Thread 0x01d78000  880   !         java.awt.Container::decreaseComponentCount (124 bytes)
Event: 11.223 Thread 0x01d78000 nmethod 880 0x0202cf48 code [0x0202d090, 0x0202d478]
Event: 15.866 Thread 0x01d78000  881             java.security.AccessControlContext::calculateFields (89 bytes)
Event: 15.867 Thread 0x01d78000 nmethod 881 0x0202d848 code [0x0202d960, 0x0202dab8]
Event: 21.866 Thread 0x01d78000  882             java.util.logging.Level::intValue (5 bytes)
Event: 21.866 Thread 0x01d78000 nmethod 882 0x0202dbc8 code [0x0202dcc0, 0x0202dd40]

GC Heap History (10 events):
Event: 0.708 GC heap before
{Heap before GC invocations=6 (full 0):
 def new generation   total 4928K, used 4643K [0x0f200000, 0x0f750000, 0x14750000)
  eden space 4416K, 100% used [0x0f200000, 0x0f650000, 0x0f650000)
  from space 512K,  44% used [0x0f650000, 0x0f688c70, 0x0f6d0000)
  to   space 512K,   0% used [0x0f6d0000, 0x0f6d0000, 0x0f750000)
 tenured generation   total 10944K, used 9943K [0x14750000, 0x15200000, 0x1f200000)
   the space 10944K,  90% used [0x14750000, 0x15105c00, 0x15105c00, 0x15200000)
 Metaspace       used 2825K, capacity 4228K, committed 4288K, reserved 4480K
Event: 0.709 GC heap after
Heap after GC invocations=7 (full 0):
 def new generation   total 4928K, used 253K [0x0f200000, 0x0f750000, 0x14750000)
  eden space 4416K,   0% used [0x0f200000, 0x0f200000, 0x0f650000)
  from space 512K,  49% used [0x0f6d0000, 0x0f70f510, 0x0f750000)
  to   space 512K,   0% used [0x0f650000, 0x0f650000, 0x0f6d0000)
 tenured generation   total 10944K, used 9943K [0x14750000, 0x15200000, 0x1f200000)
   the space 10944K,  90% used [0x14750000, 0x15105c00, 0x15105c00, 0x15200000)
 Metaspace       used 2825K, capacity 4228K, committed 4288K, reserved 4480K
}
Event: 4.998 GC heap before
{Heap before GC invocations=7 (full 0):
 def new generation   total 4928K, used 4669K [0x0f200000, 0x0f750000, 0x14750000)
  eden space 4416K, 100% used [0x0f200000, 0x0f650000, 0x0f650000)
  from space 512K,  49% used [0x0f6d0000, 0x0f70f510, 0x0f750000)
  to   space 512K,   0% used [0x0f650000, 0x0f650000, 0x0f6d0000)
 tenured generation   total 10944K, used 9943K [0x14750000, 0x15200000, 0x1f200000)
   the space 10944K,  90% used [0x14750000, 0x15105c00, 0x15105c00, 0x15200000)
 Metaspace       used 3528K, capacity 4235K, committed 4288K, reserved 4480K
Event: 5.004 GC heap after
Heap after GC invocations=8 (full 0):
 def new generation   total 4928K, used 512K [0x0f200000, 0x0f750000, 0x14750000)
  eden space 4416K,   0% used [0x0f200000, 0x0f200000, 0x0f650000)
  from space 512K, 100% used [0x0f650000, 0x0f6d0000, 0x0f6d0000)
  to   space 512K,   0% used [0x0f6d0000, 0x0f6d0000, 0x0f750000)
 tenured generation   total 10944K, used 10615K [0x14750000, 0x15200000, 0x1f200000)
   the space 10944K,  97% used [0x14750000, 0x151adfe0, 0x151ae000, 0x15200000)
 Metaspace       used 3528K, capacity 4235K, committed 4288K, reserved 4480K
}
Event: 6.279 GC heap before
{Heap before GC invocations=8 (full 0):
 def new generation   total 4928K, used 4928K [0x0f200000, 0x0f750000, 0x14750000)
  eden space 4416K, 100% used [0x0f200000, 0x0f650000, 0x0f650000)
  from space 512K, 100% used [0x0f650000, 0x0f6d0000, 0x0f6d0000)
  to   space 512K,   0% used [0x0f6d0000, 0x0f6d0000, 0x0f750000)
 tenured generation   total 10944K, used 10615K [0x14750000, 0x15200000, 0x1f200000)
   the space 10944K,  97% used [0x14750000, 0x151adfe0, 0x151ae000, 0x15200000)
 Metaspace       used 3712K, capacity 4363K, committed 4416K, reserved 4480K
Event: 6.296 GC heap after
Heap after GC invocations=9 (full 1):
 def new generation   total 8128K, used 0K [0x0f200000, 0x0fad0000, 0x14750000)
  eden space 7232K,   0% used [0x0f200000, 0x0f200000, 0x0f910000)
  from space 896K,   0% used [0x0f910000, 0x0f910000, 0x0f9f0000)
  to   space 896K,   0% used [0x0f9f0000, 0x0f9f0000, 0x0fad0000)
 tenured generation   total 17940K, used 10762K [0x14750000, 0x158d5000, 0x1f200000)
   the space 17940K,  59% used [0x14750000, 0x151d2910, 0x151d2a00, 0x158d5000)
 Metaspace       used 3712K, capacity 4363K, committed 4416K, reserved 4480K
}
Event: 6.406 GC heap before
{Heap before GC invocations=9 (full 1):
 def new generation   total 8128K, used 7232K [0x0f200000, 0x0fad0000, 0x14750000)
  eden space 7232K, 100% used [0x0f200000, 0x0f910000, 0x0f910000)
  from space 896K,   0% used [0x0f910000, 0x0f910000, 0x0f9f0000)
  to   space 896K,   0% used [0x0f9f0000, 0x0f9f0000, 0x0fad0000)
 tenured generation   total 17940K, used 10762K [0x14750000, 0x158d5000, 0x1f200000)
   the space 17940K,  59% used [0x14750000, 0x151d2910, 0x151d2a00, 0x158d5000)
 Metaspace       used 3753K, capacity 4395K, committed 4416K, reserved 4480K
Event: 6.407 GC heap after
Heap after GC invocations=10 (full 1):
 def new generation   total 8128K, used 167K [0x0f200000, 0x0fad0000, 0x14750000)
  eden space 7232K,   0% used [0x0f200000, 0x0f200000, 0x0f910000)
  from space 896K,  18% used [0x0f9f0000, 0x0fa19e30, 0x0fad0000)
  to   space 896K,   0% used [0x0f910000, 0x0f910000, 0x0f9f0000)
 tenured generation   total 17940K, used 10762K [0x14750000, 0x158d5000, 0x1f200000)
   the space 17940K,  59% used [0x14750000, 0x151d2910, 0x151d2a00, 0x158d5000)
 Metaspace       used 3753K, capacity 4395K, committed 4416K, reserved 4480K
}
Event: 6.606 GC heap before
{Heap before GC invocations=10 (full 1):
 def new generation   total 8128K, used 7399K [0x0f200000, 0x0fad0000, 0x14750000)
  eden space 7232K, 100% used [0x0f200000, 0x0f910000, 0x0f910000)
  from space 896K,  18% used [0x0f9f0000, 0x0fa19e30, 0x0fad0000)
  to   space 896K,   0% used [0x0f910000, 0x0f910000, 0x0f9f0000)
 tenured generation   total 17940K, used 10762K [0x14750000, 0x158d5000, 0x1f200000)
   the space 17940K,  59% used [0x14750000, 0x151d2910, 0x151d2a00, 0x158d5000)
 Metaspace       used 4600K, capacity 5131K, committed 5248K, reserved 5504K
Event: 6.609 GC heap after
Heap after GC invocations=11 (full 1):
 def new generation   total 8128K, used 896K [0x0f200000, 0x0fad0000, 0x14750000)
  eden space 7232K,   0% used [0x0f200000, 0x0f200000, 0x0f910000)
  from space 896K, 100% used [0x0f910000, 0x0f9f0000, 0x0f9f0000)
  to   space 896K,   0% used [0x0f9f0000, 0x0f9f0000, 0x0fad0000)
 tenured generation   total 17940K, used 11420K [0x14750000, 0x158d5000, 0x1f200000)
   the space 17940K,  63% used [0x14750000, 0x15277078, 0x15277200, 0x158d5000)
 Metaspace       used 4600K, capacity 5131K, committed 5248K, reserved 5504K
}

Deoptimization events (0 events):
No events

Internal exceptions (10 events):
Event: 6.868 Thread 0x04f7e800 Exception <a 'java/security/PrivilegedActionException'> (0x0f5447c0) thrown at [D:\re\workspace\8-2-build-windows-i586-cygwin\jdk8u5\2488\hotspot\src\share\vm\prims\jvm.cpp, line 1248]
Event: 6.877 Thread 0x04f7e800 Exception <a 'java/security/PrivilegedActionException'> (0x0f5526e8) thrown at [D:\re\workspace\8-2-build-windows-i586-cygwin\jdk8u5\2488\hotspot\src\share\vm\prims\jvm.cpp, line 1248]
Event: 6.897 Thread 0x04f7e800 Exception <a 'java/security/PrivilegedActionException'> (0x0f5834a8) thrown at [D:\re\workspace\8-2-build-windows-i586-cygwin\jdk8u5\2488\hotspot\src\share\vm\prims\jvm.cpp, line 1248]
Event: 6.911 Thread 0x04f7e800 Exception <a 'java/security/PrivilegedActionException'> (0x0f5c6878) thrown at [D:\re\workspace\8-2-build-windows-i586-cygwin\jdk8u5\2488\hotspot\src\share\vm\prims\jvm.cpp, line 1248]
Event: 6.912 Thread 0x04f7e800 Exception <a 'java/security/PrivilegedActionException'> (0x0f5c9458) thrown at [D:\re\workspace\8-2-build-windows-i586-cygwin\jdk8u5\2488\hotspot\src\share\vm\prims\jvm.cpp, line 1248]
Event: 6.912 Thread 0x04f7e800 Exception <a 'java/security/PrivilegedActionException'> (0x0f5d1520) thrown at [D:\re\workspace\8-2-build-windows-i586-cygwin\jdk8u5\2488\hotspot\src\share\vm\prims\jvm.cpp, line 1248]
Event: 6.912 Thread 0x04f7e800 Exception <a 'java/security/PrivilegedActionException'> (0x0f5d3fc0) thrown at [D:\re\workspace\8-2-build-windows-i586-cygwin\jdk8u5\2488\hotspot\src\share\vm\prims\jvm.cpp, line 1248]
Event: 6.913 Thread 0x04f7e800 Exception <a 'java/security/PrivilegedActionException'> (0x0f5d6a88) thrown at [D:\re\workspace\8-2-build-windows-i586-cygwin\jdk8u5\2488\hotspot\src\share\vm\prims\jvm.cpp, line 1248]
Event: 6.913 Thread 0x04f7e800 Exception <a 'java/security/PrivilegedActionException'> (0x0f5f9640) thrown at [D:\re\workspace\8-2-build-windows-i586-cygwin\jdk8u5\2488\hotspot\src\share\vm\prims\jvm.cpp, line 1248]
Event: 6.914 Thread 0x04f7e800 Exception <a 'java/security/PrivilegedActionException'> (0x0f5fc0a8) thrown at [D:\re\workspace\8-2-build-windows-i586-cygwin\jdk8u5\2488\hotspot\src\share\vm\prims\jvm.cpp, line 1248]

Events (10 events):
Event: 47.866 Thread 0x04f7d800 Thread exited: 0x04f7d800
Event: 48.866 Thread 0x04f7f400 Thread added: 0x04f7f400
Event: 50.866 Executing VM operation: RevokeBias
Event: 50.866 Executing VM operation: RevokeBias done
Event: 50.866 Thread 0x04f7f400 Thread exited: 0x04f7f400
Event: 50.866 Thread 0x04f7bc00 Thread added: 0x04f7bc00
Event: 53.866 Executing VM operation: RevokeBias
Event: 53.866 Executing VM operation: RevokeBias done
Event: 53.866 Thread 0x04f7bc00 Thread exited: 0x04f7bc00
Event: 54.866 Thread 0x04f7cc00 Thread added: 0x04f7cc00


Dynamic libraries:
0x00010000 - 0x00040000 	C:\Program Files (x86)\Java\jre8\bin\javaw.exe
0x76f10000 - 0x77089000 	C:\Windows\SYSTEM32\ntdll.dll
0x74070000 - 0x74160000 	C:\Windows\SYSTEM32\KERNEL32.DLL
0x74190000 - 0x74306000 	C:\Windows\SYSTEM32\KERNELBASE.dll
0x75730000 - 0x757ab000 	C:\Windows\SYSTEM32\ADVAPI32.dll
0x74da0000 - 0x74e5e000 	C:\Windows\SYSTEM32\msvcrt.dll
0x74e60000 - 0x74ea3000 	C:\Windows\SYSTEM32\sechost.dll
0x746e0000 - 0x7478c000 	C:\Windows\SYSTEM32\RPCRT4.dll
0x74020000 - 0x7403e000 	C:\Windows\SYSTEM32\SspiCli.dll
0x74010000 - 0x7401a000 	C:\Windows\SYSTEM32\CRYPTBASE.dll
0x73fb0000 - 0x74009000 	C:\Windows\SYSTEM32\bcryptPrimitives.dll
0x743d0000 - 0x74510000 	C:\Windows\SYSTEM32\USER32.dll
0x74530000 - 0x7467d000 	C:\Windows\SYSTEM32\GDI32.dll
0x739c0000 - 0x73bc9000 	C:\Windows\WinSxS\x86_microsoft.windows.common-controls_6595b64144ccf1df_6.0.10240.16384_none_3bccb1ff6bcd1849\COMCTL32.dll
0x74160000 - 0x7418b000 	C:\Windows\SYSTEM32\IMM32.DLL
0x75610000 - 0x75730000 	C:\Windows\SYSTEM32\MSCTF.dll
0x73f10000 - 0x73f3b000 	C:\Windows\SYSTEM32\nvinit.dll
0x73e40000 - 0x73e48000 	C:\Windows\SYSTEM32\VERSION.dll
0x0f000000 - 0x0f006000 	C:\Program Files (x86)\NVIDIA Corporation\CoProcManager\_etoured.dll
0x73330000 - 0x73359000 	C:\Program Files (x86)\NVIDIA Corporation\CoProcManager\nvd3d9wrap.dll
0x76d60000 - 0x76f05000 	C:\Windows\SYSTEM32\SETUPAPI.dll
0x755d0000 - 0x75606000 	C:\Windows\SYSTEM32\CFGMGR32.dll
0x73310000 - 0x7332e000 	C:\Program Files (x86)\NVIDIA Corporation\CoProcManager\nvdxgiwrap.dll
0x60190000 - 0x6024f000 	C:\Program Files (x86)\Java\jre8\bin\msvcr100.dll
0x661f0000 - 0x66586000 	C:\Program Files (x86)\Java\jre8\bin\client\jvm.dll
0x74510000 - 0x74516000 	C:\Windows\SYSTEM32\PSAPI.DLL
0x73cd0000 - 0x73cd8000 	C:\Windows\SYSTEM32\WSOCK32.dll
0x73da0000 - 0x73dc4000 	C:\Windows\SYSTEM32\WINMM.dll
0x74c10000 - 0x74c6c000 	C:\Windows\SYSTEM32\WS2_32.dll
0x76cf0000 - 0x76cf7000 	C:\Windows\SYSTEM32\NSI.dll
0x73d50000 - 0x73d73000 	C:\Windows\SYSTEM32\WINMMBASE.dll
0x735f0000 - 0x73611000 	C:\Windows\SYSTEM32\DEVOBJ.dll
0x73300000 - 0x7330c000 	C:\Program Files (x86)\Java\jre8\bin\verify.dll
0x73140000 - 0x73161000 	C:\Program Files (x86)\Java\jre8\bin\java.dll
0x72790000 - 0x727a3000 	C:\Program Files (x86)\Java\jre8\bin\zip.dll
0x75930000 - 0x76cee000 	C:\Windows\SYSTEM32\SHELL32.dll
0x750f0000 - 0x755cc000 	C:\Windows\SYSTEM32\windows.storage.dll
0x74790000 - 0x7494a000 	C:\Windows\SYSTEM32\combase.dll
0x74cc0000 - 0x74d04000 	C:\Windows\SYSTEM32\shlwapi.dll
0x74520000 - 0x7452c000 	C:\Windows\SYSTEM32\kernel.appcore.dll
0x74d10000 - 0x74d9d000 	C:\Windows\SYSTEM32\shcore.dll
0x75000000 - 0x75044000 	C:\Windows\SYSTEM32\powrprof.dll
0x74eb0000 - 0x74ebf000 	C:\Windows\SYSTEM32\profapi.dll
0x5f840000 - 0x5f985000 	C:\Program Files (x86)\Java\jre8\bin\awt.dll
0x74ec0000 - 0x74f52000 	C:\Windows\SYSTEM32\OLEAUT32.dll
0x6ac00000 - 0x6ac91000 	C:\Windows\system32\apphelp.dll
0x72900000 - 0x7291d000 	C:\Windows\system32\DWMAPI.DLL
0x70a90000 - 0x70b05000 	C:\Windows\system32\uxtheme.dll
0x74b20000 - 0x74c0a000 	C:\Windows\SYSTEM32\ole32.dll
0x60fe0000 - 0x611ac000 	C:\Windows\system32\d3d9.dll
0x74c70000 - 0x74cb2000 	C:\Windows\SYSTEM32\WINTRUST.dll
0x74ff0000 - 0x74ffe000 	C:\Windows\SYSTEM32\MSASN1.dll
0x757b0000 - 0x75925000 	C:\Windows\SYSTEM32\CRYPT32.dll
0x60ee0000 - 0x60fd9000 	C:\Windows\SYSTEM32\nvumdshim.dll
0x5d890000 - 0x5e289000 	C:\Windows\system32\igdumdim32.dll
0x5fd00000 - 0x60075000 	C:\Windows\SYSTEM32\igdusc32.dll
0x5f800000 - 0x5f839000 	C:\Program Files (x86)\Java\jre8\bin\fontmanager.dll
0x72770000 - 0x72784000 	C:\Program Files (x86)\Java\jre8\bin\net.dll
0x05ed0000 - 0x05ee5000 	C:\Windows\system32\secure.dll
0x732a0000 - 0x732ee000 	C:\Windows\SYSTEM32\MSWSOCK.dll
0x73e00000 - 0x73e30000 	C:\Windows\SYSTEM32\IPHLPAPI.DLL
0x73df0000 - 0x73df8000 	C:\Windows\SYSTEM32\WINNSI.DLL
0x732f0000 - 0x732ff000 	C:\Program Files (x86)\Java\jre8\bin\nio.dll
0x72260000 - 0x722e4000 	C:\Windows\SYSTEM32\DNSAPI.dll
0x720b0000 - 0x720b8000 	C:\Windows\System32\rasadhlp.dll
0x733c0000 - 0x73406000 	C:\Windows\System32\fwpuclnt.dll
0x73620000 - 0x7363b000 	C:\Windows\SYSTEM32\bcrypt.dll
0x74f60000 - 0x74fe2000 	C:\Windows\SYSTEM32\clbcatq.dll
0x73490000 - 0x734a3000 	C:\Windows\SYSTEM32\cryptsp.dll
0x73460000 - 0x7348f000 	C:\Windows\system32\rsaenh.dll
0x72610000 - 0x72690000 	C:\Windows\SYSTEM32\sxs.dll
0x72740000 - 0x72752000 	C:\Windows\system32\napinsp.dll
0x723c0000 - 0x723d6000 	C:\Windows\system32\pnrpnsp.dll
0x72300000 - 0x72313000 	C:\Windows\system32\NLAapi.dll
0x72250000 - 0x7225b000 	C:\Windows\System32\winrnr.dll
0x72230000 - 0x72241000 	C:\Windows\system32\wshbth.dll
0x60290000 - 0x602b5000 	C:\Program Files (x86)\Java\jre8\bin\jpeg.dll
0x5f7d0000 - 0x5f800000 	C:\Program Files (x86)\Java\jre8\bin\t2k.dll
0x5f7a0000 - 0x5f7c4000 	C:\Program Files (x86)\Java\jre8\bin\dcpr.dll
0x6ade0000 - 0x6ae72000 	C:\Windows\WinSxS\x86_microsoft.windows.common-controls_6595b64144ccf1df_5.82.10240.16384_none_49c02355cf03478c\comctl32.dll
0x727b0000 - 0x728f2000 	C:\Windows\system32\propsys.dll
0x5e870000 - 0x5ea0f000 	C:\Windows\system32\NetworkExplorer.dll
0x69340000 - 0x69547000 	C:\Windows\SYSTEM32\ActXPrxy.dll
0x703c0000 - 0x70531000 	C:\Windows\SYSTEM32\WindowsCodecs.dll
0x60300000 - 0x6033c000 	C:\Windows\SYSTEM32\thumbcache.dll
0x69140000 - 0x69157000 	C:\Windows\SYSTEM32\MPR.dll
0x667e0000 - 0x667e9000 	C:\Windows\System32\drprov.dll
0x691a0000 - 0x691e4000 	C:\Windows\System32\WINSTA.dll
0x5f5c0000 - 0x5f5d2000 	C:\Windows\System32\ntlanman.dll
0x5f5a0000 - 0x5f5ba000 	C:\Windows\System32\davclnt.dll
0x60280000 - 0x6028b000 	C:\Windows\System32\DAVHLPR.dll
0x73640000 - 0x73650000 	C:\Windows\System32\wkscli.dll
0x726a0000 - 0x726af000 	C:\Windows\SYSTEM32\cscapi.dll
0x735e0000 - 0x735ea000 	C:\Windows\System32\netutils.dll
0x09f30000 - 0x09fce000 	C:\Program Files (x86)\Nokia\Nokia PC Suite 7\PhoneBrowser.dll
0x09fd0000 - 0x0a0b3000 	C:\Program Files (x86)\Nokia\Nokia PC Suite 7\NGSCM.DLL
0x73790000 - 0x739b4000 	C:\Windows\SYSTEM32\WININET.dll
0x70860000 - 0x709cb000 	C:\Windows\WinSxS\x86_microsoft.windows.gdiplus_6595b64144ccf1df_1.1.10240.16384_none_d15682eeaf714889\gdiplus.dll
0x6a940000 - 0x6a9ce000 	C:\Windows\WinSxS\x86_microsoft.vc90.crt_1fc8b3b9a1e18e3b_9.0.30729.9158_none_5091b51ebcb97cdc\MSVCP90.dll
0x6c960000 - 0x6cac0000 	C:\Windows\SYSTEM32\urlmon.dll
0x73510000 - 0x735b3000 	C:\Windows\WinSxS\x86_microsoft.vc90.crt_1fc8b3b9a1e18e3b_9.0.30729.9158_none_5091b51ebcb97cdc\MSVCR90.dll
0x6c690000 - 0x6c951000 	C:\Windows\SYSTEM32\iertutil.dll
0x74310000 - 0x743ce000 	C:\Windows\SYSTEM32\COMDLG32.dll
0x73e30000 - 0x73e36000 	C:\Windows\SYSTEM32\MSIMG32.dll
0x726f0000 - 0x72709000 	C:\Windows\SYSTEM32\OLEPRO32.DLL
0x0a1f0000 - 0x0a1f8000 	C:\Program Files (x86)\Nokia\Nokia PC Suite 7\Lang\PhoneBrowser_eng.nlr
0x0a290000 - 0x0a31d000 	C:\Program Files (x86)\Nokia\Nokia PC Suite 7\Resource\PhoneBrowser_Nokia.ngr
0x5f490000 - 0x5f4ff000 	C:\Windows\SYSTEM32\dlnashext.dll
0x5f740000 - 0x5f795000 	C:\Windows\System32\PlayToDevice.dll
0x5f410000 - 0x5f42a000 	C:\Windows\System32\DevDispItemProvider.dll
0x68340000 - 0x68394000 	C:\Windows\System32\MMDevApi.dll
0x5d6a0000 - 0x5d888000 	C:\Windows\system32\wpdshext.dll
0x5f600000 - 0x5f683000 	C:\Windows\SYSTEM32\PortableDeviceApi.dll
0x5f560000 - 0x5f5a0000 	C:\Windows\system32\audiodev.dll
0x5d1f0000 - 0x5d434000 	C:\Windows\system32\WMVCore.DLL
0x5f520000 - 0x5f55e000 	C:\Windows\system32\WMASF.DLL
0x5f1e0000 - 0x5f2e8000 	C:\Windows\system32\mfperfhelper.dll
0x72690000 - 0x7269b000 	C:\Windows\SYSTEM32\LINKINFO.dll
0x721f0000 - 0x7222f000 	C:\Windows\system32\dataexchange.dll
0x69550000 - 0x699d8000 	C:\Windows\system32\d2d1.dll
0x6a9d0000 - 0x6abe3000 	C:\Windows\system32\d3d11.dll
0x72150000 - 0x721ec000 	C:\Windows\system32\dcomp.dll
0x6ad60000 - 0x6adde000 	C:\Windows\system32\dxgi.dll
0x6aca0000 - 0x6ad5c000 	C:\Windows\system32\twinapi.appcore.dll
0x73d80000 - 0x73d99000 	C:\Windows\system32\USERENV.dll
0x5d120000 - 0x5d1eb000 	C:\Windows\SYSTEM32\MrmCoreR.dll
0x5f430000 - 0x5f481000 	C:\Windows\SYSTEM32\Bcp47Langs.dll
0x61930000 - 0x619a5000 	C:\Windows\System32\Windows.UI.dll

VM Arguments:
jvm_args: -Dfile.encoding=Cp1252 
java_command: AudioPlayer
java_class_path (initial): E:\Program Files\java\AudioPlayer\bin;E:\Program Files\java\AudioPlayer\forms-1.3.0.jar;E:\SOFTWARE\mp3agic-0.6.jar\mp3agic-0.6.jar;E:\Program Files\java\AudioPlayer\jl1.0.1.jar;E:\Program Files\java\AudioPlayer\jmf-2.1.1e.jar;E:\SOFTWARE\mysql-connector-java-5.0.8-bin.jar;E:\Program Files\java\AudioPlayer\jaudiotagger-2.0.2.jar;C:\Users\TUKAI\Downloads\tika-core-1.4.jar;C:\Users\TUKAI\Downloads\tika-parsers-1.4.jar;E:\SOFTWARE\ojdbc14.jar
Launcher Type: SUN_STANDARD

Environment Variables:
PATH=C:/Program Files (x86)/Java/jre8/bin/client;C:/Program Files (x86)/Java/jre8/bin;C:/Program Files (x86)/Java/jre8/lib/i386;C:\Program Files (x86)\PC Connectivity Solution\;C:\oraclexe\app\oracle\product\10.2.0\server\bin;C:\Windows\system32;C:\Windows;C:\Windows\System32\Wbem;C:\Windows\System32\WindowsPowerShell\v1.0\;E:\SOFTWARE\eclipse;
USERNAME=TUKAI
OS=Windows_NT
PROCESSOR_IDENTIFIER=Intel64 Family 6 Model 58 Stepping 9, GenuineIntel



---------------  S Y S T E M  ---------------

OS: Windows 8.1 , 64 bit Build 9600 

CPU:total 4 (2 cores per cpu, 2 threads per core) family 6 model 58 stepping 9, cmov, cx8, fxsr, mmx, sse, sse2, sse3, ssse3, sse4.1, sse4.2, popcnt, avx, aes, clmul, erms, ht, tsc, tscinvbit

Memory: 4k page, physical 4038048k(434112k free), swap 9923484k(40k free)

vm_info: Java HotSpot(TM) Client VM (25.5-b02) for windows-x86 JRE (1.8.0_05-b13), built on Mar 18 2014 01:14:47 by "java_re" with MS VC++ 10.0 (VS2010)

time: Sun Aug 30 23:15:56 2015
elapsed time: 54 seconds

